<?xml version="1.0" encoding="UTF-8"?>
<testsuite name="kokoafriends.back.BackApplicationTests" tests="1" skipped="0" failures="0" errors="0" timestamp="2022-09-20T02:36:03" hostname="DESKTOP-HS1HH67" time="0.076">
  <properties/>
  <testcase name="contextLoads()" classname="kokoafriends.back.BackApplicationTests" time="0.076"/>
  <system-out><![CDATA[11:35:59.935 [Test worker] DEBUG org.springframework.test.context.BootstrapUtils - Instantiating CacheAwareContextLoaderDelegate from class [org.springframework.test.context.cache.DefaultCacheAwareContextLoaderDelegate]
11:35:59.943 [Test worker] DEBUG org.springframework.test.context.BootstrapUtils - Instantiating BootstrapContext using constructor [public org.springframework.test.context.support.DefaultBootstrapContext(java.lang.Class,org.springframework.test.context.CacheAwareContextLoaderDelegate)]
11:35:59.965 [Test worker] DEBUG org.springframework.test.context.BootstrapUtils - Instantiating TestContextBootstrapper for test class [kokoafriends.back.BackApplicationTests] from class [org.springframework.boot.test.context.SpringBootTestContextBootstrapper]
11:35:59.972 [Test worker] INFO org.springframework.boot.test.context.SpringBootTestContextBootstrapper - Neither @ContextConfiguration nor @ContextHierarchy found for test class [kokoafriends.back.BackApplicationTests], using SpringBootContextLoader
11:35:59.975 [Test worker] DEBUG org.springframework.test.context.support.AbstractContextLoader - Did not detect default resource location for test class [kokoafriends.back.BackApplicationTests]: class path resource [kokoafriends/back/BackApplicationTests-context.xml] does not exist
11:35:59.975 [Test worker] DEBUG org.springframework.test.context.support.AbstractContextLoader - Did not detect default resource location for test class [kokoafriends.back.BackApplicationTests]: class path resource [kokoafriends/back/BackApplicationTestsContext.groovy] does not exist
11:35:59.975 [Test worker] INFO org.springframework.test.context.support.AbstractContextLoader - Could not detect default resource locations for test class [kokoafriends.back.BackApplicationTests]: no resource found for suffixes {-context.xml, Context.groovy}.
11:35:59.976 [Test worker] INFO org.springframework.test.context.support.AnnotationConfigContextLoaderUtils - Could not detect default configuration classes for test class [kokoafriends.back.BackApplicationTests]: BackApplicationTests does not declare any static, non-private, non-final, nested classes annotated with @Configuration.
11:36:00.005 [Test worker] DEBUG org.springframework.test.context.support.ActiveProfilesUtils - Could not find an 'annotation declaring class' for annotation type [org.springframework.test.context.ActiveProfiles] and class [kokoafriends.back.BackApplicationTests]
11:36:00.043 [Test worker] DEBUG org.springframework.context.annotation.ClassPathScanningCandidateComponentProvider - Identified candidate component class: file [C:\Users\mink\IdeaProjects\kokoafriends2\back\build\classes\java\main\kokoafriends\back\BackApplication.class]
11:36:00.044 [Test worker] INFO org.springframework.boot.test.context.SpringBootTestContextBootstrapper - Found @SpringBootConfiguration kokoafriends.back.BackApplication for test class kokoafriends.back.BackApplicationTests
11:36:00.107 [Test worker] DEBUG org.springframework.boot.test.context.SpringBootTestContextBootstrapper - @TestExecutionListeners is not present for class [kokoafriends.back.BackApplicationTests]: using defaults.
11:36:00.108 [Test worker] INFO org.springframework.boot.test.context.SpringBootTestContextBootstrapper - Loaded default TestExecutionListener class names from location [META-INF/spring.factories]: [org.springframework.boot.test.autoconfigure.restdocs.RestDocsTestExecutionListener, org.springframework.boot.test.autoconfigure.web.client.MockRestServiceServerResetTestExecutionListener, org.springframework.boot.test.autoconfigure.web.servlet.MockMvcPrintOnlyOnFailureTestExecutionListener, org.springframework.boot.test.autoconfigure.web.servlet.WebDriverTestExecutionListener, org.springframework.boot.test.autoconfigure.webservices.client.MockWebServiceServerTestExecutionListener, org.springframework.boot.test.mock.mockito.MockitoTestExecutionListener, org.springframework.boot.test.mock.mockito.ResetMocksTestExecutionListener, org.springframework.test.context.web.ServletTestExecutionListener, org.springframework.test.context.support.DirtiesContextBeforeModesTestExecutionListener, org.springframework.test.context.event.ApplicationEventsTestExecutionListener, org.springframework.test.context.support.DependencyInjectionTestExecutionListener, org.springframework.test.context.support.DirtiesContextTestExecutionListener, org.springframework.test.context.transaction.TransactionalTestExecutionListener, org.springframework.test.context.jdbc.SqlScriptsTestExecutionListener, org.springframework.test.context.event.EventPublishingTestExecutionListener]
11:36:00.129 [Test worker] INFO org.springframework.boot.test.context.SpringBootTestContextBootstrapper - Using TestExecutionListeners: [org.springframework.test.context.web.ServletTestExecutionListener@51c929ae, org.springframework.test.context.support.DirtiesContextBeforeModesTestExecutionListener@3c8bdd5b, org.springframework.test.context.event.ApplicationEventsTestExecutionListener@29d2d081, org.springframework.boot.test.mock.mockito.MockitoTestExecutionListener@40e4ea87, org.springframework.boot.test.autoconfigure.SpringBootDependencyInjectionTestExecutionListener@58783f6c, org.springframework.test.context.support.DirtiesContextTestExecutionListener@3a7b503d, org.springframework.test.context.transaction.TransactionalTestExecutionListener@512d92b, org.springframework.test.context.jdbc.SqlScriptsTestExecutionListener@62c5bbdc, org.springframework.test.context.event.EventPublishingTestExecutionListener@7bdf6bb7, org.springframework.boot.test.autoconfigure.restdocs.RestDocsTestExecutionListener@1bc53649, org.springframework.boot.test.autoconfigure.web.client.MockRestServiceServerResetTestExecutionListener@88d6f9b, org.springframework.boot.test.autoconfigure.web.servlet.MockMvcPrintOnlyOnFailureTestExecutionListener@47d93e0d, org.springframework.boot.test.autoconfigure.web.servlet.WebDriverTestExecutionListener@475b7792, org.springframework.boot.test.autoconfigure.webservices.client.MockWebServiceServerTestExecutionListener@751e664e, org.springframework.boot.test.mock.mockito.ResetMocksTestExecutionListener@160c3ec1]
11:36:00.131 [Test worker] DEBUG org.springframework.test.context.support.AbstractDirtiesContextTestExecutionListener - Before test class: context [DefaultTestContext@2c22a348 testClass = BackApplicationTests, testInstance = [null], testMethod = [null], testException = [null], mergedContextConfiguration = [WebMergedContextConfiguration@7bd69e82 testClass = BackApplicationTests, locations = '{}', classes = '{class kokoafriends.back.BackApplication}', contextInitializerClasses = '[]', activeProfiles = '{}', propertySourceLocations = '{}', propertySourceProperties = '{org.springframework.boot.test.context.SpringBootTestContextBootstrapper=true}', contextCustomizers = set[org.springframework.boot.test.autoconfigure.actuate.metrics.MetricsExportContextCustomizerFactory$DisableMetricExportContextCustomizer@163d04ff, org.springframework.boot.test.autoconfigure.properties.PropertyMappingContextCustomizer@0, org.springframework.boot.test.autoconfigure.web.servlet.WebDriverContextCustomizerFactory$Customizer@5af3a0f, org.springframework.boot.test.context.filter.ExcludeFilterContextCustomizer@72cf2de5, org.springframework.boot.test.json.DuplicateJsonObjectContextCustomizerFactory$DuplicateJsonObjectContextCustomizer@53812a9b, org.springframework.boot.test.mock.mockito.MockitoContextCustomizer@0, org.springframework.boot.test.web.client.TestRestTemplateContextCustomizer@5974109, org.springframework.boot.test.context.SpringBootTestArgs@1, org.springframework.boot.test.context.SpringBootTestWebEnvironment@43015c69], resourceBasePath = 'src/main/webapp', contextLoader = 'org.springframework.boot.test.context.SpringBootContextLoader', parent = [null]], attributes = map['org.springframework.test.context.web.ServletTestExecutionListener.activateListener' -> true]], class annotated with @DirtiesContext [false] with mode [null].

  .   ____          _            __ _ _
 /\\ / ___'_ __ _ _(_)_ __  __ _ \ \ \ \
( ( )\___ | '_ | '_| | '_ \/ _` | \ \ \ \
 \\/  ___)| |_)| | | | | || (_| |  ) ) ) )
  '  |____| .__|_| |_|_| |_\__, | / / / /
 =========|_|==============|___/=/_/_/_/
 :: Spring Boot ::                (v2.7.3)

2022-09-20 11:36:00.352  INFO 20220 --- [    Test worker] kokoafriends.back.BackApplicationTests   : Starting BackApplicationTests using Java 11.0.15 on DESKTOP-HS1HH67 with PID 20220 (started by mink in C:\Users\mink\IdeaProjects\kokoafriends2\back)
2022-09-20 11:36:00.353  INFO 20220 --- [    Test worker] kokoafriends.back.BackApplicationTests   : No active profile set, falling back to 1 default profile: "default"
2022-09-20 11:36:00.799  INFO 20220 --- [    Test worker] .s.d.r.c.RepositoryConfigurationDelegate : Bootstrapping Spring Data JPA repositories in DEFAULT mode.
2022-09-20 11:36:00.840  INFO 20220 --- [    Test worker] .s.d.r.c.RepositoryConfigurationDelegate : Finished Spring Data repository scanning in 36 ms. Found 1 JPA repository interfaces.
2022-09-20 11:36:01.224  INFO 20220 --- [    Test worker] com.zaxxer.hikari.HikariDataSource       : HikariPool-1 - Starting...
2022-09-20 11:36:01.690  INFO 20220 --- [    Test worker] com.zaxxer.hikari.HikariDataSource       : HikariPool-1 - Start completed.
2022-09-20 11:36:01.738  INFO 20220 --- [    Test worker] o.hibernate.jpa.internal.util.LogHelper  : HHH000204: Processing PersistenceUnitInfo [name: default]
2022-09-20 11:36:01.774  INFO 20220 --- [    Test worker] org.hibernate.Version                    : HHH000412: Hibernate ORM core version 5.6.10.Final
2022-09-20 11:36:01.921  INFO 20220 --- [    Test worker] o.hibernate.annotations.common.Version   : HCANN000001: Hibernate Commons Annotations {5.1.2.Final}
2022-09-20 11:36:02.026  INFO 20220 --- [    Test worker] org.hibernate.dialect.Dialect            : HHH000400: Using dialect: org.hibernate.dialect.MySQL8Dialect
2022-09-20 11:36:02.413  INFO 20220 --- [    Test worker] o.h.e.t.j.p.i.JtaPlatformInitiator       : HHH000490: Using JtaPlatform implementation: [org.hibernate.engine.transaction.jta.platform.internal.NoJtaPlatform]
2022-09-20 11:36:02.421  INFO 20220 --- [    Test worker] j.LocalContainerEntityManagerFactoryBean : Initialized JPA EntityManagerFactory for persistence unit 'default'
2022-09-20 11:36:02.922  WARN 20220 --- [    Test worker] JpaBaseConfiguration$JpaWebConfiguration : spring.jpa.open-in-view is enabled by default. Therefore, database queries may be performed during view rendering. Explicitly configure spring.jpa.open-in-view to disable this warning
2022-09-20 11:36:03.433  INFO 20220 --- [    Test worker] kokoafriends.back.BackApplicationTests   : Started BackApplicationTests in 3.277 seconds (JVM running for 4.622)
]]></system-out>
  <system-err><![CDATA[]]></system-err>
</testsuite>
